-------------------------------------------------------------------------------
Test set: com.example.demo.DemoApplicationTests
-------------------------------------------------------------------------------
Tests run: 1, Failures: 0, Errors: 1, Skipped: 0, Time elapsed: 86.983 s <<< FAILURE! - in com.example.demo.DemoApplicationTests
contextLoads  Time elapsed: 0.013 s  <<< ERROR!
java.lang.IllegalStateException: Failed to load ApplicationContext
Caused by: org.springframework.beans.factory.UnsatisfiedDependencyException: Error creating bean with name 'TMUserController': Unsatisfied dependency expressed through field 'tmUserRepository'; nested exception is org.springframework.beans.factory.UnsatisfiedDependencyException: Error creating bean with name 'TMUserRepository': Unsatisfied dependency expressed through method 'setReactiveCosmosOperations' parameter 0; nested exception is org.springframework.beans.factory.BeanCreationException: Error creating bean with name 'reactiveCosmosTemplate' defined in class path resource [com/microsoft/azure/spring/autoconfigure/cosmosdb/CosmosAutoConfiguration.class]: Bean instantiation via factory method failed; nested exception is org.springframework.beans.BeanInstantiationException: Failed to instantiate [com.microsoft.azure.spring.data.cosmosdb.core.ReactiveCosmosTemplate]: Factory method 'reactiveCosmosTemplate' threw exception; nested exception is org.springframework.beans.factory.BeanCreationException: Error creating bean with name 'cosmosDbFactory': Invocation of init method failed; nested exception is org.springframework.web.client.ResourceAccessException: I/O error on POST request for "https://dc.services.visualstudio.com/v2/track": Resource temporarily unavailable (connect failed); nested exception is java.net.SocketException: Resource temporarily unavailable (connect failed)
Caused by: org.springframework.beans.factory.UnsatisfiedDependencyException: Error creating bean with name 'TMUserRepository': Unsatisfied dependency expressed through method 'setReactiveCosmosOperations' parameter 0; nested exception is org.springframework.beans.factory.BeanCreationException: Error creating bean with name 'reactiveCosmosTemplate' defined in class path resource [com/microsoft/azure/spring/autoconfigure/cosmosdb/CosmosAutoConfiguration.class]: Bean instantiation via factory method failed; nested exception is org.springframework.beans.BeanInstantiationException: Failed to instantiate [com.microsoft.azure.spring.data.cosmosdb.core.ReactiveCosmosTemplate]: Factory method 'reactiveCosmosTemplate' threw exception; nested exception is org.springframework.beans.factory.BeanCreationException: Error creating bean with name 'cosmosDbFactory': Invocation of init method failed; nested exception is org.springframework.web.client.ResourceAccessException: I/O error on POST request for "https://dc.services.visualstudio.com/v2/track": Resource temporarily unavailable (connect failed); nested exception is java.net.SocketException: Resource temporarily unavailable (connect failed)
Caused by: org.springframework.beans.factory.BeanCreationException: Error creating bean with name 'reactiveCosmosTemplate' defined in class path resource [com/microsoft/azure/spring/autoconfigure/cosmosdb/CosmosAutoConfiguration.class]: Bean instantiation via factory method failed; nested exception is org.springframework.beans.BeanInstantiationException: Failed to instantiate [com.microsoft.azure.spring.data.cosmosdb.core.ReactiveCosmosTemplate]: Factory method 'reactiveCosmosTemplate' threw exception; nested exception is org.springframework.beans.factory.BeanCreationException: Error creating bean with name 'cosmosDbFactory': Invocation of init method failed; nested exception is org.springframework.web.client.ResourceAccessException: I/O error on POST request for "https://dc.services.visualstudio.com/v2/track": Resource temporarily unavailable (connect failed); nested exception is java.net.SocketException: Resource temporarily unavailable (connect failed)
Caused by: org.springframework.beans.BeanInstantiationException: Failed to instantiate [com.microsoft.azure.spring.data.cosmosdb.core.ReactiveCosmosTemplate]: Factory method 'reactiveCosmosTemplate' threw exception; nested exception is org.springframework.beans.factory.BeanCreationException: Error creating bean with name 'cosmosDbFactory': Invocation of init method failed; nested exception is org.springframework.web.client.ResourceAccessException: I/O error on POST request for "https://dc.services.visualstudio.com/v2/track": Resource temporarily unavailable (connect failed); nested exception is java.net.SocketException: Resource temporarily unavailable (connect failed)
Caused by: org.springframework.beans.factory.BeanCreationException: Error creating bean with name 'cosmosDbFactory': Invocation of init method failed; nested exception is org.springframework.web.client.ResourceAccessException: I/O error on POST request for "https://dc.services.visualstudio.com/v2/track": Resource temporarily unavailable (connect failed); nested exception is java.net.SocketException: Resource temporarily unavailable (connect failed)
Caused by: org.springframework.web.client.ResourceAccessException: I/O error on POST request for "https://dc.services.visualstudio.com/v2/track": Resource temporarily unavailable (connect failed); nested exception is java.net.SocketException: Resource temporarily unavailable (connect failed)
Caused by: java.net.SocketException: Resource temporarily unavailable (connect failed)

